<?xml version="1.0" encoding="UTF-8"?>
<testng-results skipped="0" failed="0" total="8" passed="8">
  <reporter-output>
    <line>
      <![CDATA[STEP1]]>
    </line>
    <line>
      <![CDATA[STEP2]]>
    </line>
    <line>
      <![CDATA[STEP3]]>
    </line>
    <line>
      <![CDATA[STEP4]]>
    </line>
    <line>
      <![CDATA[STEP5]]>
    </line>
    <line>
      <![CDATA[STEP6]]>
    </line>
    <line>
      <![CDATA[STEP7]]>
    </line>
    <line>
      <![CDATA[STEP8]]>
    </line>
    <line>
      <![CDATA[STEP9]]>
    </line>
    <line>
      <![CDATA[STEP10]]>
    </line>
    <line>
      <![CDATA[STEP11]]>
    </line>
    <line>
      <![CDATA[STEP12]]>
    </line>
    <line>
      <![CDATA[STEP13]]>
    </line>
    <line>
      <![CDATA[STEP14]]>
    </line>
    <line>
      <![CDATA[STEP15]]>
    </line>
    <line>
      <![CDATA[STEP16]]>
    </line>
    <line>
      <![CDATA[STEP17]]>
    </line>
    <line>
      <![CDATA[STEP18]]>
    </line>
    <line>
      <![CDATA[STEP19]]>
    </line>
    <line>
      <![CDATA[STEP20]]>
    </line>
    <line>
      <![CDATA[STEP21]]>
    </line>
    <line>
      <![CDATA[STEP22]]>
    </line>
    <line>
      <![CDATA[STEP23]]>
    </line>
    <line>
      <![CDATA[STEP24]]>
    </line>
    <line>
      <![CDATA[STEP25]]>
    </line>
    <line>
      <![CDATA[STEP26]]>
    </line>
    <line>
      <![CDATA[STEP27]]>
    </line>
    <line>
      <![CDATA[STEP28]]>
    </line>
    <line>
      <![CDATA[STEP29]]>
    </line>
    <line>
      <![CDATA[STEP30]]>
    </line>
    <line>
      <![CDATA[STEP31]]>
    </line>
    <line>
      <![CDATA[STEP32]]>
    </line>
    <line>
      <![CDATA[STEP33]]>
    </line>
    <line>
      <![CDATA[STEP34]]>
    </line>
    <line>
      <![CDATA[STEP35]]>
    </line>
    <line>
      <![CDATA[STEP36]]>
    </line>
    <line>
      <![CDATA[STEP37]]>
    </line>
    <line>
      <![CDATA[STEP38]]>
    </line>
    <line>
      <![CDATA[STEP39]]>
    </line>
    <line>
      <![CDATA[STEP40]]>
    </line>
    <line>
      <![CDATA[STEP41]]>
    </line>
    <line>
      <![CDATA[STEP42]]>
    </line>
    <line>
      <![CDATA[STEP43]]>
    </line>
    <line>
      <![CDATA[STEP44]]>
    </line>
    <line>
      <![CDATA[STEP45]]>
    </line>
    <line>
      <![CDATA[STEP46]]>
    </line>
    <line>
      <![CDATA[STEP47]]>
    </line>
    <line>
      <![CDATA[STEP48]]>
    </line>
    <line>
      <![CDATA[STEP49]]>
    </line>
    <line>
      <![CDATA[STEP50]]>
    </line>
  </reporter-output>
  <suite name="Suite" duration-ms="36328" started-at="2018-11-17T12:14:18Z" finished-at="2018-11-17T12:14:54Z">
    <groups>
    </groups>
    <test name="Test" duration-ms="36328" started-at="2018-11-17T12:14:18Z" finished-at="2018-11-17T12:14:54Z">
      <class name="commonMethods.Testcases">
        <test-method status="PASS" signature="getDataFromConfig()[pri:0, instance:commonMethods.Testcases@645aa696]" name="getDataFromConfig" is-config="true" duration-ms="6377" started-at="2018-11-17T17:44:18Z" finished-at="2018-11-17T17:44:24Z">
          <reporter-output>
          </reporter-output>
        </test-method> <!-- getDataFromConfig -->
        <test-method status="PASS" signature="productSearch()[pri:0, instance:commonMethods.Testcases@645aa696]" name="productSearch" duration-ms="5511" started-at="2018-11-17T17:44:24Z" finished-at="2018-11-17T17:44:30Z">
          <reporter-output>
            <line>
              <![CDATA[STEP1]]>
            </line>
            <line>
              <![CDATA[STEP2]]>
            </line>
          </reporter-output>
        </test-method> <!-- productSearch -->
        <test-method status="PASS" signature="productSelect()[pri:0, instance:commonMethods.Testcases@645aa696]" name="productSelect" duration-ms="5826" started-at="2018-11-17T17:44:30Z" finished-at="2018-11-17T17:44:36Z">
          <reporter-output>
            <line>
              <![CDATA[STEP3]]>
            </line>
            <line>
              <![CDATA[STEP4]]>
            </line>
            <line>
              <![CDATA[STEP5]]>
            </line>
            <line>
              <![CDATA[STEP6]]>
            </line>
            <line>
              <![CDATA[STEP7]]>
            </line>
            <line>
              <![CDATA[STEP8]]>
            </line>
            <line>
              <![CDATA[STEP9]]>
            </line>
            <line>
              <![CDATA[STEP10]]>
            </line>
          </reporter-output>
        </test-method> <!-- productSelect -->
        <test-method status="PASS" signature="productShopping()[pri:0, instance:commonMethods.Testcases@645aa696]" name="productShopping" duration-ms="2156" started-at="2018-11-17T17:44:36Z" finished-at="2018-11-17T17:44:38Z">
          <reporter-output>
            <line>
              <![CDATA[STEP11]]>
            </line>
            <line>
              <![CDATA[STEP12]]>
            </line>
            <line>
              <![CDATA[STEP13]]>
            </line>
            <line>
              <![CDATA[STEP14]]>
            </line>
            <line>
              <![CDATA[STEP15]]>
            </line>
          </reporter-output>
        </test-method> <!-- productShopping -->
        <test-method status="PASS" signature="productCart()[pri:0, instance:commonMethods.Testcases@645aa696]" name="productCart" duration-ms="6273" started-at="2018-11-17T17:44:38Z" finished-at="2018-11-17T17:44:44Z">
          <reporter-output>
            <line>
              <![CDATA[STEP16]]>
            </line>
            <line>
              <![CDATA[STEP17]]>
            </line>
            <line>
              <![CDATA[STEP18]]>
            </line>
          </reporter-output>
        </test-method> <!-- productCart -->
        <test-method status="PASS" signature="Login()[pri:0, instance:commonMethods.Testcases@645aa696]" name="Login" duration-ms="1140" started-at="2018-11-17T17:44:44Z" finished-at="2018-11-17T17:44:45Z">
          <reporter-output>
            <line>
              <![CDATA[STEP19]]>
            </line>
            <line>
              <![CDATA[STEP20]]>
            </line>
            <line>
              <![CDATA[STEP21]]>
            </line>
            <line>
              <![CDATA[STEP22]]>
            </line>
            <line>
              <![CDATA[STEP23]]>
            </line>
            <line>
              <![CDATA[STEP24]]>
            </line>
            <line>
              <![CDATA[STEP25]]>
            </line>
            <line>
              <![CDATA[STEP26]]>
            </line>
            <line>
              <![CDATA[STEP27]]>
            </line>
          </reporter-output>
        </test-method> <!-- Login -->
        <test-method status="PASS" signature="productDeliver()[pri:0, instance:commonMethods.Testcases@645aa696]" name="productDeliver" duration-ms="856" started-at="2018-11-17T17:44:45Z" finished-at="2018-11-17T17:44:46Z">
          <reporter-output>
            <line>
              <![CDATA[STEP28]]>
            </line>
            <line>
              <![CDATA[STEP29]]>
            </line>
            <line>
              <![CDATA[STEP30]]>
            </line>
            <line>
              <![CDATA[STEP31]]>
            </line>
          </reporter-output>
        </test-method> <!-- productDeliver -->
        <test-method status="PASS" signature="productRemove()[pri:0, instance:commonMethods.Testcases@645aa696]" name="productRemove" duration-ms="7053" started-at="2018-11-17T17:44:46Z" finished-at="2018-11-17T17:44:53Z">
          <reporter-output>
            <line>
              <![CDATA[STEP32]]>
            </line>
            <line>
              <![CDATA[STEP33]]>
            </line>
            <line>
              <![CDATA[STEP34]]>
            </line>
            <line>
              <![CDATA[STEP35]]>
            </line>
            <line>
              <![CDATA[STEP36]]>
            </line>
            <line>
              <![CDATA[STEP37]]>
            </line>
            <line>
              <![CDATA[STEP38]]>
            </line>
            <line>
              <![CDATA[STEP39]]>
            </line>
            <line>
              <![CDATA[STEP40]]>
            </line>
            <line>
              <![CDATA[STEP41]]>
            </line>
            <line>
              <![CDATA[STEP42]]>
            </line>
            <line>
              <![CDATA[STEP43]]>
            </line>
            <line>
              <![CDATA[STEP44]]>
            </line>
            <line>
              <![CDATA[STEP45]]>
            </line>
            <line>
              <![CDATA[STEP46]]>
            </line>
          </reporter-output>
        </test-method> <!-- productRemove -->
        <test-method status="PASS" signature="Logout()[pri:0, instance:commonMethods.Testcases@645aa696]" name="Logout" duration-ms="299" started-at="2018-11-17T17:44:53Z" finished-at="2018-11-17T17:44:53Z">
          <reporter-output>
            <line>
              <![CDATA[STEP47]]>
            </line>
            <line>
              <![CDATA[STEP48]]>
            </line>
            <line>
              <![CDATA[STEP49]]>
            </line>
            <line>
              <![CDATA[STEP50]]>
            </line>
          </reporter-output>
        </test-method> <!-- Logout -->
        <test-method status="PASS" signature="teardown()[pri:0, instance:commonMethods.Testcases@645aa696]" name="teardown" is-config="true" duration-ms="806" started-at="2018-11-17T17:44:53Z" finished-at="2018-11-17T17:44:54Z">
          <reporter-output>
          </reporter-output>
        </test-method> <!-- teardown -->
      </class> <!-- commonMethods.Testcases -->
    </test> <!-- Test -->
  </suite> <!-- Suite -->
</testng-results>
